d:\programing\c_plus_plus\exercise\managing_arrays_and_strings\managing_arrays_and_strings\debug\managing_arrays_and_strings.pch
d:\programing\c_plus_plus\exercise\managing_arrays_and_strings\managing_arrays_and_strings\debug\vc141.pdb
d:\programing\c_plus_plus\exercise\managing_arrays_and_strings\managing_arrays_and_strings\debug\vc141.idb
d:\programing\c_plus_plus\exercise\managing_arrays_and_strings\managing_arrays_and_strings\debug\managing_arrays_and_strings.pchast
d:\programing\c_plus_plus\exercise\managing_arrays_and_strings\managing_arrays_and_strings\debug\pch.nativecodeanalysis.sarif
d:\programing\c_plus_plus\exercise\managing_arrays_and_strings\managing_arrays_and_strings\debug\pch.nativecodeanalysis.xml
d:\programing\c_plus_plus\exercise\managing_arrays_and_strings\managing_arrays_and_strings\debug\pch.obj
d:\programing\c_plus_plus\exercise\managing_arrays_and_strings\managing_arrays_and_strings\debug\managing_arrays_and_strings.nativecodeanalysis.sarif
d:\programing\c_plus_plus\exercise\managing_arrays_and_strings\managing_arrays_and_strings\debug\managing_arrays_and_strings.nativecodeanalysis.xml
d:\programing\c_plus_plus\exercise\managing_arrays_and_strings\managing_arrays_and_strings\debug\managing_arrays_and_strings.obj
d:\programing\c_plus_plus\exercise\managing_arrays_and_strings\debug\managing_arrays_and_strings.ilk
d:\programing\c_plus_plus\exercise\managing_arrays_and_strings\debug\managing_arrays_and_strings.exe
d:\programing\c_plus_plus\exercise\managing_arrays_and_strings\debug\managing_arrays_and_strings.pdb
d:\programing\c_plus_plus\exercise\managing_arrays_and_strings\managing_arrays_and_strings\debug\nativecodeanalysis.read.1.tlog
d:\programing\c_plus_plus\exercise\managing_arrays_and_strings\managing_arrays_and_strings\debug\vc.nativecodeanalysis.all.xml
d:\programing\c_plus_plus\exercise\managing_arrays_and_strings\debug\managing_arrays_and_strings.exe.lastcodeanalysissucceeded
d:\programing\c_plus_plus\exercise\managing_arrays_and_strings\managing_arrays_and_strings\debug\managing.b430d728.tlog\cl.command.1.tlog
d:\programing\c_plus_plus\exercise\managing_arrays_and_strings\managing_arrays_and_strings\debug\managing.b430d728.tlog\cl.read.1.tlog
d:\programing\c_plus_plus\exercise\managing_arrays_and_strings\managing_arrays_and_strings\debug\managing.b430d728.tlog\cl.write.1.tlog
d:\programing\c_plus_plus\exercise\managing_arrays_and_strings\managing_arrays_and_strings\debug\managing.b430d728.tlog\link.command.1.tlog
d:\programing\c_plus_plus\exercise\managing_arrays_and_strings\managing_arrays_and_strings\debug\managing.b430d728.tlog\link.read.1.tlog
d:\programing\c_plus_plus\exercise\managing_arrays_and_strings\managing_arrays_and_strings\debug\managing.b430d728.tlog\link.write.1.tlog
